🩺 The doctor is checking the health of your Storybook..
╭ Incompatible packages found ────────────────────────────────────────────────────────────────────────╮
│                                                                                                     │
│   You are currently using Storybook 9.0.9 but you have packages which are incompatible with it:     │
│   - @storybook/addon-docs@9.0.17 which depends on 9.0.17                                            │
│    Repo: https://github.com/storybookjs/storybook/tree/next/code/addons/docs                        │
│                                                                                                     │
│                                                                                                     │
│   Please consider updating your packages or contacting the maintainers for compatibility details.   │
│   For more on Storybook 9 compatibility, see the linked GitHub issue:                               │
│   https://github.com/storybookjs/storybook/issues/30944                                             │
│                                                                                                     │
│                                                                                                     │
│   The version of storybook@9.0.9 is behind the following core packages:                             │
│   - @storybook/addon-docs@9.0.17                                                                    │
│   Upgrade Storybook with:                                                                           │
│   npx storybook@latest upgrade                                                                      │
│                                                                                                     │
╰─────────────────────────────────────────────────────────────────────────────────────────────────────╯

You can always recheck the health of your project by running:
npx storybook doctor

Full logs are available in /home/attila/projects/ghostfolio/doctor-storybook.log

